A1BG-AS1 removed from GENCODE
A2M-AS1 removed from GENCODE
AATK-AS1 removed from GENCODE
ABCC5-AS1 removed from GENCODE
ABO removed from GENCODE
ACTN1-AS1 removed from GENCODE
ACVR2B-AS1 removed from GENCODE
ADAM20P1 removed from GENCODE
ADAM6 removed from GENCODE
ADAMTS9-AS2 removed from GENCODE
ADARB2-AS1 removed from GENCODE
ADIPOQ-AS1 removed from GENCODE
ADORA2A-AS1 removed from GENCODE
ADPGK-AS1 removed from GENCODE
AGAP11 removed from GENCODE
AGBL1-AS1 removed from GENCODE
AIRN removed from GENCODE
ALDH1L1-AS1 removed from GENCODE
ALDH1L1-AS2 removed from GENCODE
ALKBH3-AS1 removed from GENCODE
ANKRD62P1-PARP4P3 removed from GENCODE
ANO1-AS2 removed from GENCODE
AOAH-IT1 removed from GENCODE
AP4B1-AS1 removed from GENCODE
APCDD1L-AS1 removed from GENCODE
APOBEC3B-AS1 removed from GENCODE
AQP4-AS1 removed from GENCODE
ARHGAP26-AS1 removed from GENCODE
ARHGAP5-AS1 removed from GENCODE
ARHGEF26-AS1 removed from GENCODE
ARHGEF38-IT1 removed from GENCODE
ARHGEF3-AS1 removed from GENCODE
ARMC2-AS1 removed from GENCODE
ASB16-AS1 removed from GENCODE
ASH1L-AS1 removed from GENCODE
ASMTL-AS1 removed from GENCODE
ATP1A1OS removed from GENCODE
ATP6V0E2-AS1 removed from GENCODE
ATXN8OS removed from GENCODE
BAIAP2-AS1 removed from GENCODE
BCAR4 removed from GENCODE
BCDIN3D-AS1 removed from GENCODE
BCYRN1 removed from GENCODE
BDNF-AS removed from GENCODE
BHLHE40-AS1 removed from GENCODE
BOK-AS1 removed from GENCODE
BOLA3-AS1 removed from GENCODE
BPESC1 removed from GENCODE
BRWD1-AS1 removed from GENCODE
BRWD1-IT2 removed from GENCODE
BSN-AS2 removed from GENCODE
BVES-AS1 removed from GENCODE
BZRAP1-AS1 removed from GENCODE
C11orf95 removed from GENCODE
C12orf80 removed from GENCODE
C14orf169 removed from GENCODE
C16orf82 removed from GENCODE
C17orf76-AS1 removed from GENCODE
C1QTNF9B-AS1 removed from GENCODE
C1RL-AS1 removed from GENCODE
C20orf166-AS1 removed from GENCODE
C20orf203 removed from GENCODE
C21orf91-OT1 removed from GENCODE
C9orf106 removed from GENCODE
C9orf135-AS1 removed from GENCODE
CACNA1C-AS1 removed from GENCODE
CACNA1C-AS4 removed from GENCODE
CACNA1C-IT3 removed from GENCODE
CACNA1G-AS1 removed from GENCODE
CACNA2D3-AS1 removed from GENCODE
CACTIN-AS1 removed from GENCODE
CADM2-AS2 removed from GENCODE
CAHM removed from GENCODE
CAPN10-AS1 removed from GENCODE
CASC16 removed from GENCODE
CASC2 removed from GENCODE
CASC8 removed from GENCODE
CASC9 removed from GENCODE
CASP8AP2 removed from GENCODE
CBR3-AS1 removed from GENCODE
CCDC13-AS1 removed from GENCODE
CCDC148-AS1 removed from GENCODE
CD27-AS1 removed from GENCODE
CDIPT-AS1 removed from GENCODE
CDKN2B-AS1 removed from GENCODE
CDRT7 removed from GENCODE
CDRT8 removed from GENCODE
CEACAM20 removed from GENCODE
CEBPA-AS1 removed from GENCODE
CECR3 removed from GENCODE
CECR5-AS1 removed from GENCODE
CECR7 removed from GENCODE
CELF2-AS2 removed from GENCODE
CERS6-AS1 removed from GENCODE
CFLAR-AS1 removed from GENCODE
CHKB-AS1 removed from GENCODE
CHODL-AS1 removed from GENCODE
CHRM3-AS1 removed from GENCODE
CHRM3-AS2 removed from GENCODE
CIRBP-AS1 removed from GENCODE
CLDN10-AS1 removed from GENCODE
CLRN1-AS1 removed from GENCODE
CNTFR-AS1 removed from GENCODE
CNTN4-AS2 removed from GENCODE
COL18A1-AS1 removed from GENCODE
COL18A1-AS2 removed from GENCODE
COL4A2-AS1 removed from GENCODE
COX10-AS1 removed from GENCODE
CPB2-AS1 removed from GENCODE
CRNDE removed from GENCODE
CROCCP2 removed from GENCODE
CRYM-AS1 removed from GENCODE
CSAG2 removed from GENCODE
CSAG3 removed from GENCODE
CSNK1G2-AS1 removed from GENCODE
CSPG4P1Y removed from GENCODE
CSTF3-AS1 removed from GENCODE
CT49 removed from GENCODE
CT60 removed from GENCODE
CT64 removed from GENCODE
CTBP1-AS2 removed from GENCODE
CXADRP3 removed from GENCODE
CXorf49B removed from GENCODE
CXorf49 removed from GENCODE
CXorf51A removed from GENCODE
CXorf51B removed from GENCODE
CYP1B1-AS1 removed from GENCODE
CYP4F35P removed from GENCODE
CYP4F8 removed from GENCODE
DACT3-AS1 removed from GENCODE
DANCR removed from GENCODE
DAOA-AS1 removed from GENCODE
DBH-AS1 removed from GENCODE
DCTN1-AS1 removed from GENCODE
DDX11-AS1 removed from GENCODE
DENND5B-AS1 removed from GENCODE
DGCR5 removed from GENCODE
DGKK removed from GENCODE
DGUOK-AS1 removed from GENCODE
DHRS4-AS1 removed from GENCODE
DIAPH3-AS1 removed from GENCODE
DIAPH3-AS2 removed from GENCODE
DICER1-AS1 removed from GENCODE
DIO2-AS1 removed from GENCODE
DIO3OS removed from GENCODE
DIP2A-IT1 removed from GENCODE
DISC1FP1 removed from GENCODE
DLEU2 removed from GENCODE
DLEU7-AS1 removed from GENCODE
DLG1-AS1 removed from GENCODE
DLG5-AS1 removed from GENCODE
DLGAP1-AS1 removed from GENCODE
DLGAP1-AS3 removed from GENCODE
DLGAP1-AS4 removed from GENCODE
DLGAP1-AS5 removed from GENCODE
DLX6-AS1 removed from GENCODE
DNAJB8-AS1 removed from GENCODE
DNAJC27-AS1 removed from GENCODE
DNAJC9-AS1 removed from GENCODE
DNM1P35 removed from GENCODE
DNM3OS removed from GENCODE
DNMBP-AS1 removed from GENCODE
DOCK9-AS1 removed from GENCODE
DOCK9-AS2 removed from GENCODE
DPH6-AS1 removed from GENCODE
DPYD-AS1 removed from GENCODE
DSCAM-AS1 removed from GENCODE
DSCAM-IT1 removed from GENCODE
DSCR10 removed from GENCODE
DSCR9 removed from GENCODE
DTX2P1-UPK3BP1-PMS2P11 removed from GENCODE
DYNLL1-AS1 removed from GENCODE
DYX1C1-CCPG1 removed from GENCODE
EFCAB14-AS1 removed from GENCODE
EFCAB6-AS1 removed from GENCODE
EGFLAM-AS2 removed from GENCODE
EGFLAM-AS4 removed from GENCODE
EGFR-AS1 removed from GENCODE
EGOT removed from GENCODE
EHHADH-AS1 removed from GENCODE
EIF3J-AS1 removed from GENCODE
ELMO1-AS1 removed from GENCODE
ELOVL2-AS1 removed from GENCODE
EMCN-IT3 removed from GENCODE
EMG1 removed from GENCODE
EMX2OS removed from GENCODE
ENO1-AS1 removed from GENCODE
ENTPD1-AS1 removed from GENCODE
ENTPD3-AS1 removed from GENCODE
EPB41L4A-AS1 removed from GENCODE
EPHA1-AS1 removed from GENCODE
EPN2-AS1 removed from GENCODE
ERICH1-AS1 removed from GENCODE
ERVK13-1 removed from GENCODE
ESRG removed from GENCODE
EZR-AS1 removed from GENCODE
FAM138A removed from GENCODE
FAM138B removed from GENCODE
FAM138C removed from GENCODE
FAM138D removed from GENCODE
FAM138E removed from GENCODE
FAM138F removed from GENCODE
FAM13A-AS1 removed from GENCODE
FAM157A removed from GENCODE
FAM157B removed from GENCODE
FAM170B-AS1 removed from GENCODE
FAM181A-AS1 removed from GENCODE
FAM182A removed from GENCODE
FAM183CP removed from GENCODE
FAM197Y2 removed from GENCODE
FAM201A removed from GENCODE
FAM222A-AS1 removed from GENCODE
FAM224A removed from GENCODE
FAM224B removed from GENCODE
FAM225A removed from GENCODE
FAM225B removed from GENCODE
FAM226A removed from GENCODE
FAM230C removed from GENCODE
FAM27L removed from GENCODE
FAM41AY1 removed from GENCODE
FAM41AY2 removed from GENCODE
FAM41C removed from GENCODE
FAM66A removed from GENCODE
FAM66B removed from GENCODE
FAM66C removed from GENCODE
FAM66D removed from GENCODE
FAM66E removed from GENCODE
FAM74A1 removed from GENCODE
FAM74A2 removed from GENCODE
FAM74A3 removed from GENCODE
FAM74A4 removed from GENCODE
FAM83A-AS1 removed from GENCODE
FAM83H-AS1 removed from GENCODE
FAM87B removed from GENCODE
FAM95B1 removed from GENCODE
FAM99A removed from GENCODE
FAM99B removed from GENCODE
FANK1-AS1 removed from GENCODE
FBXL19-AS1 removed from GENCODE
FENDRR removed from GENCODE
FER1L6-AS1 removed from GENCODE
FER1L6-AS2 removed from GENCODE
FEZF1-AS1 removed from GENCODE
FGD5-AS1 removed from GENCODE
FGF13-AS1 removed from GENCODE
FGF14-AS2 removed from GENCODE
FGF14-IT1 removed from GENCODE
FLG-AS1 removed from GENCODE
FLI1-AS1 removed from GENCODE
FLVCR1-AS1 removed from GENCODE
FMR1-AS1 removed from GENCODE
FOXD2-AS1 removed from GENCODE
FOXI3 removed from GENCODE
FOXN3-AS1 removed from GENCODE
FOXN3-AS2 removed from GENCODE
FRMD6-AS2 removed from GENCODE
FRY-AS1 removed from GENCODE
FTO-IT1 removed from GENCODE
FTX removed from GENCODE
FZD10-AS1 removed from GENCODE
GABPB1-AS1 removed from GENCODE
GAS5-AS1 removed from GENCODE
GAS5 removed from GENCODE
GAS6-AS1 removed from GENCODE
GATA3-AS1 removed from GENCODE
GATA6-AS1 removed from GENCODE
GCSAML-AS1 removed from GENCODE
GDNF-AS1 removed from GENCODE
GHRLOS removed from GENCODE
GIMD1 removed from GENCODE
GLIS3-AS1 removed from GENCODE
GNAS-AS1 removed from GENCODE
GNG12-AS1 removed from GENCODE
GOLGA2P2Y removed from GENCODE
GPC5-AS1 removed from GENCODE
GPC6-AS1 removed from GENCODE
GPC6-AS2 removed from GENCODE
GPHB5 removed from GENCODE
GPR158-AS1 removed from GENCODE
GRIK1-AS1 removed from GENCODE
GRIP2 removed from GENCODE
GRM5-AS1 removed from GENCODE
GSN-AS1 removed from GENCODE
H19 removed from GENCODE
H1FX-AS1 removed from GENCODE
HAND2-AS1 removed from GENCODE
HAR1A removed from GENCODE
HAR1B removed from GENCODE
HAS2-AS1 removed from GENCODE
HCCAT3 removed from GENCODE
HCCAT5 removed from GENCODE
HCG11 removed from GENCODE
HCG14 removed from GENCODE
HCG17 removed from GENCODE
HCG18 removed from GENCODE
HCG22 removed from GENCODE
HCG23 removed from GENCODE
HCG25 removed from GENCODE
HCG9 removed from GENCODE
HCP5 removed from GENCODE
HEXA-AS1 removed from GENCODE
HHIP-AS1 removed from GENCODE
HIF1A-AS1 removed from GENCODE
HIF1A-AS2 removed from GENCODE
HLTF-AS1 removed from GENCODE
HM13-AS1 removed from GENCODE
HNF1A-AS1 removed from GENCODE
HNRNPU-AS1 removed from GENCODE
HOTAIRM1 removed from GENCODE
HOTAIR removed from GENCODE
HOTTIP removed from GENCODE
HOXA11-AS removed from GENCODE
HOXA-AS3 removed from GENCODE
HOXA-AS4 removed from GENCODE
HOXB-AS1 removed from GENCODE
HOXB-AS3 removed from GENCODE
HOXC-AS1 removed from GENCODE
HOXC-AS2 removed from GENCODE
HOXC-AS5 removed from GENCODE
HOXD-AS1 removed from GENCODE
HOXD-AS2 removed from GENCODE
HPN-AS1 removed from GENCODE
HPYR1 removed from GENCODE
HS6ST2-AS1 removed from GENCODE
HTR2A-AS1 removed from GENCODE
HULC removed from GENCODE
IDH1-AS1 removed from GENCODE
IDI2-AS1 removed from GENCODE
IFNG-AS1 removed from GENCODE
IGF2-AS removed from GENCODE
IGSF11-AS1 removed from GENCODE
IL10RB-AS1 removed from GENCODE
IL21-AS1 removed from GENCODE
IL21R-AS1 removed from GENCODE
ILF3-AS1 removed from GENCODE
INHBA-AS1 removed from GENCODE
INTS6-AS1 removed from GENCODE
IPO9-AS1 removed from GENCODE
IQCH-AS1 removed from GENCODE
ISM1-AS1 removed from GENCODE
ITGB2-AS1 removed from GENCODE
ITPK1-AS1 removed from GENCODE
ITPKB-IT1 removed from GENCODE
JAG1 removed from GENCODE
JAZF1-AS1 removed from GENCODE
JPX removed from GENCODE
JRKL-AS1 removed from GENCODE
JRK removed from GENCODE
KANSL1-AS1 removed from GENCODE
KCNAB1-AS1 removed from GENCODE
KCNAB1-AS2 removed from GENCODE
KCNIP2-AS1 removed from GENCODE
KCNJ2-AS1 removed from GENCODE
KCNQ1DN removed from GENCODE
KCNQ1OT1 removed from GENCODE
KCNQ5-AS1 removed from GENCODE
KCP removed from GENCODE
KCTD21-AS1 removed from GENCODE
KDM4A-AS1 removed from GENCODE
KIAA1984-AS1 removed from GENCODE
KIF25-AS1 removed from GENCODE
KIF9-AS1 removed from GENCODE
KIRREL3-AS2 removed from GENCODE
KIRREL3-AS3 removed from GENCODE
KLHL7-AS1 removed from GENCODE
KMT2B removed from GENCODE
KRTAP5-AS1 removed from GENCODE
KRTAP7-1 removed from GENCODE
KTN1-AS1 removed from GENCODE
LAMTOR5-AS1 removed from GENCODE
LARGE-AS1 removed from GENCODE
LARS2-AS1 removed from GENCODE
LBX1-AS1 removed from GENCODE
LBX2-AS1 removed from GENCODE
LDLRAD4-AS1 removed from GENCODE
LEF1-AS1 removed from GENCODE
LEMD1-AS1 removed from GENCODE
LGALS8-AS1 removed from GENCODE
LHFPL3-AS1 removed from GENCODE
LIFR-AS1 removed from GENCODE
LIMD1-AS1 removed from GENCODE
LINC00028 removed from GENCODE
LINC00029 removed from GENCODE
LINC00032 removed from GENCODE
LINC00035 removed from GENCODE
LINC00051 removed from GENCODE
LINC00052 removed from GENCODE
LINC00086 removed from GENCODE
LINC00087 removed from GENCODE
LINC00092 removed from GENCODE
LINC00094 removed from GENCODE
LINC00102 removed from GENCODE
LINC00111 removed from GENCODE
LINC00112 removed from GENCODE
LINC00113 removed from GENCODE
LINC00114 removed from GENCODE
LINC00115 removed from GENCODE
LINC00116 removed from GENCODE
LINC00152 removed from GENCODE
LINC00158 removed from GENCODE
LINC00159 removed from GENCODE
LINC00160 removed from GENCODE
LINC00161 removed from GENCODE
LINC00162 removed from GENCODE
LINC00163 removed from GENCODE
LINC00167 removed from GENCODE
LINC00173 removed from GENCODE
LINC00174 removed from GENCODE
LINC00176 removed from GENCODE
LINC00184 removed from GENCODE
LINC00189 removed from GENCODE
LINC00200 removed from GENCODE
LINC00202-1 removed from GENCODE
LINC00202-2 removed from GENCODE
LINC00207 removed from GENCODE
LINC00208 removed from GENCODE
LINC00210 removed from GENCODE
LINC00221 removed from GENCODE
LINC00222 removed from GENCODE
LINC00226 removed from GENCODE
LINC00229 removed from GENCODE
LINC00238 removed from GENCODE
LINC00240 removed from GENCODE
LINC00242 removed from GENCODE
LINC00261 removed from GENCODE
LINC00263 removed from GENCODE
LINC00264 removed from GENCODE
LINC00265 removed from GENCODE
LINC00266-1 removed from GENCODE
LINC00269 removed from GENCODE
LINC00271 removed from GENCODE
LINC00272 removed from GENCODE
LINC00273 removed from GENCODE
LINC00276 removed from GENCODE
LINC00277 removed from GENCODE
LINC00278 removed from GENCODE
LINC00284 removed from GENCODE
LINC00290 removed from GENCODE
LINC00293 removed from GENCODE
LINC00297 removed from GENCODE
LINC00299 removed from GENCODE
LINC00301 removed from GENCODE
LINC00303 removed from GENCODE
LINC00304 removed from GENCODE
LINC00305 removed from GENCODE
LINC00307 removed from GENCODE
LINC00308 removed from GENCODE
LINC00309 removed from GENCODE
LINC00310 removed from GENCODE
LINC00311 removed from GENCODE
LINC00312 removed from GENCODE
LINC00313 removed from GENCODE
LINC00314 removed from GENCODE
LINC00316 removed from GENCODE
LINC00317 removed from GENCODE
LINC00319 removed from GENCODE
LINC00320 removed from GENCODE
LINC00322 removed from GENCODE
LINC00323 removed from GENCODE
LINC00324 removed from GENCODE
LINC00326 removed from GENCODE
LINC00327 removed from GENCODE
LINC00330 removed from GENCODE
LINC00331 removed from GENCODE
LINC00332 removed from GENCODE
LINC00333 removed from GENCODE
LINC00336 removed from GENCODE
LINC00337 removed from GENCODE
LINC00338 removed from GENCODE
LINC00339 removed from GENCODE
LINC00341 removed from GENCODE
LINC00342 removed from GENCODE
LINC00343 removed from GENCODE
LINC00347 removed from GENCODE
LINC00348 removed from GENCODE
LINC00351 removed from GENCODE
LINC00353 removed from GENCODE
LINC00359 removed from GENCODE
LINC00366 removed from GENCODE
LINC00371 removed from GENCODE
LINC00378 removed from GENCODE
LINC00379 removed from GENCODE
LINC00381 removed from GENCODE
LINC00395 removed from GENCODE
LINC00398 removed from GENCODE
LINC00410 removed from GENCODE
LINC00421 removed from GENCODE
LINC00423 removed from GENCODE
LINC00424 removed from GENCODE
LINC00426 removed from GENCODE
LINC00433 removed from GENCODE
LINC00441 removed from GENCODE
LINC00442 removed from GENCODE
LINC00443 removed from GENCODE
LINC00446 removed from GENCODE
LINC00452 removed from GENCODE
LINC00457 removed from GENCODE
LINC00460 removed from GENCODE
LINC00461 removed from GENCODE
LINC00462 removed from GENCODE
LINC00466 removed from GENCODE
LINC00467 removed from GENCODE
LINC00469 removed from GENCODE
LINC00470 removed from GENCODE
LINC00471 removed from GENCODE
LINC00472 removed from GENCODE
LINC00473 removed from GENCODE
LINC00474 removed from GENCODE
LINC00475 removed from GENCODE
LINC00476 removed from GENCODE
LINC00477 removed from GENCODE
LINC00478 removed from GENCODE
LINC00479 removed from GENCODE
LINC00482 removed from GENCODE
LINC00483 removed from GENCODE
LINC00485 removed from GENCODE
LINC00486 removed from GENCODE
LINC00487 removed from GENCODE
LINC00488 removed from GENCODE
LINC00489 removed from GENCODE
LINC00491 removed from GENCODE
LINC00492 removed from GENCODE
LINC00493 removed from GENCODE
LINC00494 removed from GENCODE
LINC00499 removed from GENCODE
LINC00501 removed from GENCODE
LINC00502 removed from GENCODE
LINC00507 removed from GENCODE
LINC00511 removed from GENCODE
LINC00514 removed from GENCODE
LINC00515 removed from GENCODE
LINC00518 removed from GENCODE
LINC00520 removed from GENCODE
LINC00521 removed from GENCODE
LINC00523 removed from GENCODE
LINC00525 removed from GENCODE
LINC00526 removed from GENCODE
LINC00534 removed from GENCODE
LINC00535 removed from GENCODE
LINC00536 removed from GENCODE
LINC00544 removed from GENCODE
LINC00545 removed from GENCODE
LINC00551 removed from GENCODE
LINC00554 removed from GENCODE
LINC00558 removed from GENCODE
LINC00559 removed from GENCODE
LINC00563 removed from GENCODE
LINC00565 removed from GENCODE
LINC00568 removed from GENCODE
LINC00570 removed from GENCODE
LINC00571 removed from GENCODE
LINC00572 removed from GENCODE
LINC00574 removed from GENCODE
LINC00575 removed from GENCODE
LINC00577 removed from GENCODE
LINC00578 removed from GENCODE
LINC00582 removed from GENCODE
LINC00583 removed from GENCODE
LINC00587 removed from GENCODE
LINC00588 removed from GENCODE
LINC00589 removed from GENCODE
LINC00592 removed from GENCODE
LINC00593 removed from GENCODE
LINC00595 removed from GENCODE
LINC00598 removed from GENCODE
LINC00599 removed from GENCODE
LINC00601 removed from GENCODE
LINC00605 removed from GENCODE
LINC00606 removed from GENCODE
LINC00607 removed from GENCODE
LINC00608 removed from GENCODE
LINC00609 removed from GENCODE
LINC00612 removed from GENCODE
LINC00613 removed from GENCODE
LINC00615 removed from GENCODE
LINC00616 removed from GENCODE
LINC00617 removed from GENCODE
LINC00618 removed from GENCODE
LINC00619 removed from GENCODE
LINC00620 removed from GENCODE
LINC00622 removed from GENCODE
LINC00623 removed from GENCODE
LINC00624 removed from GENCODE
LINC00626 removed from GENCODE
LINC00629 removed from GENCODE
LINC00630 removed from GENCODE
LINC00633 removed from GENCODE
LINC00635 removed from GENCODE
LINC00636 removed from GENCODE
LINC00637 removed from GENCODE
LINC00638 removed from GENCODE
LINC00639 removed from GENCODE
LINC00640 removed from GENCODE
LINC00641 removed from GENCODE
LINC00642 removed from GENCODE
LINC00643 removed from GENCODE
LINC00644 removed from GENCODE
LINC00645 removed from GENCODE
LINC00648 removed from GENCODE
LINC00649 removed from GENCODE
LINC00652 removed from GENCODE
LINC00654 removed from GENCODE
LINC00656 removed from GENCODE
LINC00657 removed from GENCODE
LINC00658 removed from GENCODE
LINC00659 removed from GENCODE
LINC00661 removed from GENCODE
LINC00662 removed from GENCODE
LINC00663 removed from GENCODE
LINC00664 removed from GENCODE
LINC00665 removed from GENCODE
LINC00667 removed from GENCODE
LINC00668 removed from GENCODE
LINC00669 removed from GENCODE
LINC00670 removed from GENCODE
LINC00671 removed from GENCODE
LINC00672 removed from GENCODE
LINC00675 removed from GENCODE
LINC00676 removed from GENCODE
LINC00678 removed from GENCODE
LINC00681 removed from GENCODE
LINC00682 removed from GENCODE
LINC00684 removed from GENCODE
LINC00685 removed from GENCODE
LINC00689 removed from GENCODE
LINC00690 removed from GENCODE
LINC00691 removed from GENCODE
LINC00693 removed from GENCODE
LINC00698 removed from GENCODE
LINC00700 removed from GENCODE
LINC00701 removed from GENCODE
LINC00704 removed from GENCODE
LINC00705 removed from GENCODE
LINC00707 removed from GENCODE
LINC00710 removed from GENCODE
LINC00837 removed from GENCODE
LINC00838 removed from GENCODE
LINC00839 removed from GENCODE
LINC00840 removed from GENCODE
LINC00841 removed from GENCODE
LINC00842 removed from GENCODE
LINC00847 removed from GENCODE
LINC00851 removed from GENCODE
LINC00852 removed from GENCODE
LINC00853 removed from GENCODE
LINC00854 removed from GENCODE
LINC00856 removed from GENCODE
LINC00857 removed from GENCODE
LINC00858 removed from GENCODE
LINC00861 removed from GENCODE
LINC00862 removed from GENCODE
LINC00864 removed from GENCODE
LINC00865 removed from GENCODE
LINC00870 removed from GENCODE
LINC00871 removed from GENCODE
LINC00877 removed from GENCODE
LINC00879 removed from GENCODE
LINC00880 removed from GENCODE
LINC00881 removed from GENCODE
LINC00882 removed from GENCODE
LINC00883 removed from GENCODE
LINC00884 removed from GENCODE
LINC00885 removed from GENCODE
LINC00886 removed from GENCODE
LINC00887 removed from GENCODE
LINC00890 removed from GENCODE
LINC00892 removed from GENCODE
LINC00893 removed from GENCODE
LINC00894 removed from GENCODE
LINC00898 removed from GENCODE
LINC00899 removed from GENCODE
LINC00900 removed from GENCODE
LINC00904 removed from GENCODE
LINC00905 removed from GENCODE
LINC00906 removed from GENCODE
LINC00907 removed from GENCODE
LINC00909 removed from GENCODE
LINC00910 removed from GENCODE
LINC00911 removed from GENCODE
LINC00917 removed from GENCODE
LINC00919 removed from GENCODE
LINC00920 removed from GENCODE
LINC00922 removed from GENCODE
LINC00924 removed from GENCODE
LINC00925 removed from GENCODE
LINC00926 removed from GENCODE
LINC00927 removed from GENCODE
LINC00928 removed from GENCODE
LINC00929 removed from GENCODE
LINC00930 removed from GENCODE
LINC00936 removed from GENCODE
LINC00937 removed from GENCODE
LINC00939 removed from GENCODE
LINC00940 removed from GENCODE
LINC00941 removed from GENCODE
LINC00942 removed from GENCODE
LINC00943 removed from GENCODE
LINC00944 removed from GENCODE
LINC00945 removed from GENCODE
LINC00948 removed from GENCODE
LINC00951 removed from GENCODE
LINC00954 removed from GENCODE
LINC00957 removed from GENCODE
LINC00958 removed from GENCODE
LINC00959 removed from GENCODE
LINC00960 removed from GENCODE
LINC00961 removed from GENCODE
LINC00963 removed from GENCODE
LINC00964 removed from GENCODE
LINC00966 removed from GENCODE
LINC00967 removed from GENCODE
LINC00968 removed from GENCODE
LINC00970 removed from GENCODE
LINC00971 removed from GENCODE
LINC00974 removed from GENCODE
LINC00977 removed from GENCODE
LINC00982 removed from GENCODE
LINC00987 removed from GENCODE
LINC00989 removed from GENCODE
LINC-ROR removed from GENCODE
LIPE-AS1 removed from GENCODE
LMCD1-AS1 removed from GENCODE
LNX1-AS1 removed from GENCODE
LNX1-AS2 removed from GENCODE
LOXL1-AS1 removed from GENCODE
LPP-AS2 removed from GENCODE
LRCOL1 removed from GENCODE
LRP4-AS1 removed from GENCODE
LRRC3-AS1 removed from GENCODE
LUCAT1 removed from GENCODE
LY86-AS1 removed from GENCODE
LYPD8 removed from GENCODE
LZTS1-AS1 removed from GENCODE
MACC1-AS1 removed from GENCODE
MACROD2-AS1 removed from GENCODE
MACROD2-IT1 removed from GENCODE
MAFG-AS1 removed from GENCODE
MAGEA8-AS1 removed from GENCODE
MAGI1-AS1 removed from GENCODE
MAGI2-AS2 removed from GENCODE
MAGI2-AS3 removed from GENCODE
MALAT1 removed from GENCODE
MAMDC2-AS1 removed from GENCODE
MANEA-AS1 removed from GENCODE
MAP3K14-AS1 removed from GENCODE
MAP3K14 removed from GENCODE
MAPKAPK5-AS1 removed from GENCODE
MAPT-AS1 removed from GENCODE
MATN1-AS1 removed from GENCODE
MCF2L-AS1 removed from GENCODE
MCM3AP-AS1 removed from GENCODE
MED4-AS1 removed from GENCODE
MEF2C-AS1 removed from GENCODE
MEG3 removed from GENCODE
MEG8 removed from GENCODE
MEG9 removed from GENCODE
MEIS1-AS3 removed from GENCODE
MFI2-AS1 removed from GENCODE
MIAT removed from GENCODE
MIMT1 removed from GENCODE
MIR10A removed from GENCODE
MIR1-2 removed from GENCODE
MIR132 removed from GENCODE
MIR137HG removed from GENCODE
MIR142 removed from GENCODE
MIR143HG removed from GENCODE
MIR145 removed from GENCODE
MIR146A removed from GENCODE
MIR1470 removed from GENCODE
MIR1539 removed from GENCODE
MIR155HG removed from GENCODE
MIR17HG removed from GENCODE
MIR181A1HG removed from GENCODE
MIR181A2HG removed from GENCODE
MIR194-2 removed from GENCODE
MIR202 removed from GENCODE
MIR205HG removed from GENCODE
MIR210HG removed from GENCODE
MIR2117 removed from GENCODE
MIR212 removed from GENCODE
MIR22HG removed from GENCODE
MIR24-2 removed from GENCODE
MIR296 removed from GENCODE
MIR302B removed from GENCODE
MIR3150B removed from GENCODE
MIR3179-1 removed from GENCODE
MIR3179-2 removed from GENCODE
MIR3179-3 removed from GENCODE
MIR3180-1 removed from GENCODE
MIR3180-2 removed from GENCODE
MIR3180-3 removed from GENCODE
MIR3180-4 removed from GENCODE
MIR3184 removed from GENCODE
MIR3188 removed from GENCODE
MIR31HG removed from GENCODE
MIR3615 removed from GENCODE
MIR371B removed from GENCODE
MIR378D2 removed from GENCODE
MIR381HG removed from GENCODE
MIR4313 removed from GENCODE
MIR4321 removed from GENCODE
MIR4435-1HG removed from GENCODE
MIR4453 removed from GENCODE
MIR4454 removed from GENCODE
MIR4458 removed from GENCODE
MIR4500HG removed from GENCODE
MIR4519 removed from GENCODE
MIR4522 removed from GENCODE
MIR4523 removed from GENCODE
MIR4720 removed from GENCODE
MIR4732 removed from GENCODE
MIR497HG removed from GENCODE
MIR503HG removed from GENCODE
MIR519A2 removed from GENCODE
MIR600HG removed from GENCODE
MIR663A removed from GENCODE
MIR7-3HG removed from GENCODE
MIR744 removed from GENCODE
MIR940 removed from GENCODE
MIRLET7DHG removed from GENCODE
MKNK1-AS1 removed from GENCODE
MLIP-IT1 removed from GENCODE
MLK7-AS1 removed from GENCODE
MLLT4-AS1 removed from GENCODE
MMP12 removed from GENCODE
MMP24-AS1 removed from GENCODE
MORC2-AS1 removed from GENCODE
MORF4L2-AS1 removed from GENCODE
MRGPRG-AS1 removed from GENCODE
MRPL23-AS1 removed from GENCODE
MRVI1-AS1 removed from GENCODE
MTOR-AS1 removed from GENCODE
MTUS2-AS1 removed from GENCODE
MYCBP2-AS1 removed from GENCODE
MYCNOS removed from GENCODE
MYLK-AS1 removed from GENCODE
MYO16-AS1 removed from GENCODE
NAALADL2-AS3 removed from GENCODE
NALCN-AS1 removed from GENCODE
NAPA-AS1 removed from GENCODE
NAV2-AS4 removed from GENCODE
NAV2-AS5 removed from GENCODE
NBPF18P removed from GENCODE
NCAM1-AS1 removed from GENCODE
NCBP2-AS2 removed from GENCODE
NDFIP2-AS1 removed from GENCODE
NDUFA6-AS1 removed from GENCODE
NDUFB2-AS1 removed from GENCODE
NEAT1 removed from GENCODE
NEBL-AS1 removed from GENCODE
NEFL removed from GENCODE
NEGR1-IT1 removed from GENCODE
NEXN-AS1 removed from GENCODE
NKX2-1-AS1 removed from GENCODE
NLGN4Y-AS1 removed from GENCODE
NOP14-AS1 removed from GENCODE
NPHP3-AS1 removed from GENCODE
NPPA-AS1 removed from GENCODE
NPSR1-AS1 removed from GENCODE
NR2E3 removed from GENCODE
NR2F1-AS1 removed from GENCODE
NR2F2-AS1 removed from GENCODE
NREP-AS1 removed from GENCODE
NRG1-IT1 removed from GENCODE
NRG1-IT3 removed from GENCODE
NTM-IT removed from GENCODE
NTRK3-AS1 removed from GENCODE
NUTM2A-AS1 removed from GENCODE
OGFR-AS1 removed from GENCODE
OIP5-AS1 removed from GENCODE
OPA1-AS1 removed from GENCODE
OSBPL10-AS1 removed from GENCODE
OSER1-AS1 removed from GENCODE
OSGEPL1-AS1 removed from GENCODE
OTX2-AS1 removed from GENCODE
OXCT1-AS1 removed from GENCODE
P4HA2-AS1 removed from GENCODE
PADI6 removed from GENCODE
PAN3-AS1 removed from GENCODE
PART1 removed from GENCODE
PAXBP1-AS1 removed from GENCODE
PCA3 removed from GENCODE
PCAT1 removed from GENCODE
PCAT4 removed from GENCODE
PCAT6 removed from GENCODE
PCBP1-AS1 removed from GENCODE
PCCA-AS1 removed from GENCODE
PCDH9-AS2 removed from GENCODE
PCDH9-AS3 removed from GENCODE
PCDH9-AS4 removed from GENCODE
PCED1B-AS1 removed from GENCODE
PCGEM1 removed from GENCODE
PCOLCE-AS1 removed from GENCODE
PDCD4-AS1 removed from GENCODE
PDX1-AS1 removed from GENCODE
PDXDC2P removed from GENCODE
PGM5-AS1 removed from GENCODE
PHEX-AS1 removed from GENCODE
PHKA2-AS1 removed from GENCODE
PITPNA-AS1 removed from GENCODE
PITRM1-AS1 removed from GENCODE
PKD1L3 removed from GENCODE
PLCE1-AS1 removed from GENCODE
PLK1S1 removed from GENCODE
POU6F2-AS1 removed from GENCODE
PPP1R26-AS1 removed from GENCODE
PPP2R2B-IT1 removed from GENCODE
PRC1-AS1 removed from GENCODE
PRICKLE2-AS1 removed from GENCODE
PRICKLE2-AS2 removed from GENCODE
PRICKLE2-AS3 removed from GENCODE
PRKAG2-AS1 removed from GENCODE
PRKCQ-AS1 removed from GENCODE
PRKG1-AS1 removed from GENCODE
PROSER2-AS1 removed from GENCODE
PRR7-AS1 removed from GENCODE
PRRT3-AS1 removed from GENCODE
PSMD5-AS1 removed from GENCODE
PSMD6-AS2 removed from GENCODE
PSMG3-AS1 removed from GENCODE
PSORS1C3 removed from GENCODE
PTCHD3P1 removed from GENCODE
PTCSC3 removed from GENCODE
PTOV1-AS1 removed from GENCODE
PTPRG-AS1 removed from GENCODE
PVRL3-AS1 removed from GENCODE
PVT1 removed from GENCODE
PWRN1 removed from GENCODE
PWRN2 removed from GENCODE
PXN-AS1 removed from GENCODE
RAB11B-AS1 removed from GENCODE
RAB30-AS1 removed from GENCODE
RAD21-AS1 removed from GENCODE
RAD51-AS1 removed from GENCODE
RAMP2-AS1 removed from GENCODE
RAPGEF4-AS1 removed from GENCODE
RASAL2-AS1 removed from GENCODE
RASSF8-AS1 removed from GENCODE
RBM26-AS1 removed from GENCODE
RBMY2EP removed from GENCODE
RBPMS-AS1 removed from GENCODE
RERG-AS1 removed from GENCODE
RFPL1S removed from GENCODE
RGMB-AS1 removed from GENCODE
RHPN1-AS1 removed from GENCODE
RMDN2-AS1 removed from GENCODE
RMRP removed from GENCODE
RMST removed from GENCODE
RNASEH2B-AS1 removed from GENCODE
RNF144A-AS1 removed from GENCODE
RNF157-AS1 removed from GENCODE
RNF216-IT1 removed from GENCODE
RNF219-AS1 removed from GENCODE
RNU11 removed from GENCODE
RNU12 removed from GENCODE
RNU4ATAC removed from GENCODE
ROPN1L-AS1 removed from GENCODE
RPL34-AS1 removed from GENCODE
RPPH1 removed from GENCODE
RPS10P7 removed from GENCODE
RPS6KA2-AS1 removed from GENCODE
RPS6KA2-IT1 removed from GENCODE
RSBN1L-AS1 removed from GENCODE
RUSC1-AS1 removed from GENCODE
SAA2-SAA4 removed from GENCODE
SACS-AS1 removed from GENCODE
SAMSN1-AS1 removed from GENCODE
SAP30L-AS1 removed from GENCODE
SATB2-AS1 removed from GENCODE
SBF2-AS1 removed from GENCODE
SCARNA10 removed from GENCODE
SCARNA15 removed from GENCODE
SCARNA17 removed from GENCODE
SCARNA22 removed from GENCODE
SCARNA2 removed from GENCODE
SCARNA9 removed from GENCODE
SCGB1B2P removed from GENCODE
SDCBP2-AS1 removed from GENCODE
SEC22B removed from GENCODE
SEC24B-AS1 removed from GENCODE
SEMA3B removed from GENCODE
SENP3-EIF4A1 removed from GENCODE
SERHL removed from GENCODE
SERTAD4-AS1 removed from GENCODE
SETD5-AS1 removed from GENCODE
SFTA1P removed from GENCODE
SGOL1-AS1 removed from GENCODE
SH3BP5-AS1 removed from GENCODE
SH3RF3-AS1 removed from GENCODE
SHANK2-AS1 removed from GENCODE
SHANK2-AS3 removed from GENCODE
SIX3-AS1 removed from GENCODE
SLC25A5-AS1 removed from GENCODE
SLC26A4-AS1 removed from GENCODE
SLC2A1-AS1 removed from GENCODE
SLC38A3 removed from GENCODE
SLC6A1-AS1 removed from GENCODE
SLC7A11-AS1 removed from GENCODE
SLC8A1-AS1 removed from GENCODE
SLC9A9-AS1 removed from GENCODE
SLIT2-IT1 removed from GENCODE
SLX1A-SULT1A3 removed from GENCODE
SLX1B-SULT1A4 removed from GENCODE
SMAD5-AS1 removed from GENCODE
SMARCA5-AS1 removed from GENCODE
SMC5-AS1 removed from GENCODE
SMCR5 removed from GENCODE
SMG7-AS1 removed from GENCODE
SMIM2-AS1 removed from GENCODE
SMIM2-IT1 removed from GENCODE
SNAI3-AS1 removed from GENCODE
SNAP25-AS1 removed from GENCODE
SNHG10 removed from GENCODE
SNHG11 removed from GENCODE
SNHG12 removed from GENCODE
SNHG15 removed from GENCODE
SNHG16 removed from GENCODE
SNHG17 removed from GENCODE
SNHG1 removed from GENCODE
SNHG3 removed from GENCODE
SNHG5 removed from GENCODE
SNHG6 removed from GENCODE
SNHG7 removed from GENCODE
SNHG8 removed from GENCODE
SNHG9 removed from GENCODE
SNORA11 removed from GENCODE
SNORA40 removed from GENCODE
SNORA58 removed from GENCODE
SNORA59B removed from GENCODE
SNORA67 removed from GENCODE
SNORA70D removed from GENCODE
SNORA71A removed from GENCODE
SNORA71B removed from GENCODE
SNORA76 removed from GENCODE
SNORD109A removed from GENCODE
SNORD116-21 removed from GENCODE
SNORD56 removed from GENCODE
SNORD57 removed from GENCODE
SNORD62A removed from GENCODE
SNORD62B removed from GENCODE
SNORD64 removed from GENCODE
SNORD87 removed from GENCODE
SNRK-AS1 removed from GENCODE
SNX29P2 removed from GENCODE
SOCS2-AS1 removed from GENCODE
SORCS3-AS1 removed from GENCODE
SOX21-AS1 removed from GENCODE
SOX2-OT removed from GENCODE
SPAG5-AS1 removed from GENCODE
SPANXA2-OT1 removed from GENCODE
SPATA13-AS1 removed from GENCODE
SPATA41 removed from GENCODE
SPATA42 removed from GENCODE
SPATA8-AS1 removed from GENCODE
SPON1 removed from GENCODE
SPPL2B removed from GENCODE
SPTY2D1-AS1 removed from GENCODE
SRD5A2 removed from GENCODE
SRD5A3-AS1 removed from GENCODE
SRGAP2-AS1 removed from GENCODE
SRGAP3-AS3 removed from GENCODE
SRP14-AS1 removed from GENCODE
SRRM2-AS1 removed from GENCODE
SSPO removed from GENCODE
SSSCA1-AS1 removed from GENCODE
SSTR5-AS1 removed from GENCODE
ST3GAL6-AS1 removed from GENCODE
ST7-AS1 removed from GENCODE
ST7-AS2 removed from GENCODE
ST8SIA6-AS1 removed from GENCODE
STARD13-AS removed from GENCODE
STARD4-AS1 removed from GENCODE
STAU2-AS1 removed from GENCODE
STK4-AS1 removed from GENCODE
STPG2-AS1 removed from GENCODE
STX18-AS1 removed from GENCODE
STXBP5-AS1 removed from GENCODE
SYN2 removed from GENCODE
SYNJ2-IT1 removed from GENCODE
SYNPR-AS1 removed from GENCODE
TAPT1-AS1 removed from GENCODE
TBC1D3P1-DHX40P1 removed from GENCODE
TBX5-AS1 removed from GENCODE
TCL6 removed from GENCODE
TDRG1 removed from GENCODE
TEN1-CDK3 removed from GENCODE
TERC removed from GENCODE
TEX26-AS1 removed from GENCODE
TEX41 removed from GENCODE
THAP7-AS1 removed from GENCODE
THAP9-AS1 removed from GENCODE
THOC7-AS1 removed from GENCODE
THRB-AS1 removed from GENCODE
TINCR removed from GENCODE
TIPARP-AS1 removed from GENCODE
TLR8-AS1 removed from GENCODE
TMEM161B-AS1 removed from GENCODE
TMEM191A removed from GENCODE
TMEM191C removed from GENCODE
TMEM220-AS1 removed from GENCODE
TMEM254-AS1 removed from GENCODE
TMEM44-AS1 removed from GENCODE
TMEM51-AS1 removed from GENCODE
TMEM72-AS1 removed from GENCODE
TMEM9B-AS1 removed from GENCODE
TMLHE-AS1 removed from GENCODE
TMPO-AS1 removed from GENCODE
TMPRSS4-AS1 removed from GENCODE
TNRC6C-AS1 removed from GENCODE
TOB1-AS1 removed from GENCODE
TOLLIP-AS1 removed from GENCODE
TOPORS-AS1 removed from GENCODE
TP53TG1 removed from GENCODE
TP73-AS1 removed from GENCODE
TPRG1-AS2 removed from GENCODE
TPT1-AS1 removed from GENCODE
TPTE2P6 removed from GENCODE
TPTEP1 removed from GENCODE
TRAF3IP2-AS1 removed from GENCODE
TRAM2-AS1 removed from GENCODE
TRHDE-AS1 removed from GENCODE
TRIL removed from GENCODE
TRPC5OS removed from GENCODE
TSGA10IP removed from GENCODE
TSIX removed from GENCODE
TSPEAR-AS1 removed from GENCODE
TSTD3 removed from GENCODE
TTC25 removed from GENCODE
TTC28-AS1 removed from GENCODE
TTN-AS1 removed from GENCODE
TTTY10 removed from GENCODE
TTTY11 removed from GENCODE
TTTY12 removed from GENCODE
TTTY13 removed from GENCODE
TTTY14 removed from GENCODE
TTTY15 removed from GENCODE
TTTY16 removed from GENCODE
TTTY17A removed from GENCODE
TTTY17B removed from GENCODE
TTTY17C removed from GENCODE
TTTY18 removed from GENCODE
TTTY19 removed from GENCODE
TTTY1B removed from GENCODE
TTTY1 removed from GENCODE
TTTY20 removed from GENCODE
TTTY21B removed from GENCODE
TTTY21 removed from GENCODE
TTTY22 removed from GENCODE
TTTY23B removed from GENCODE
TTTY23 removed from GENCODE
TTTY2B removed from GENCODE
TTTY2 removed from GENCODE
TTTY3 removed from GENCODE
TTTY4B removed from GENCODE
TTTY4C removed from GENCODE
TTTY4 removed from GENCODE
TTTY5 removed from GENCODE
TTTY6B removed from GENCODE
TTTY6 removed from GENCODE
TTTY7B removed from GENCODE
TTTY7 removed from GENCODE
TTTY8B removed from GENCODE
TTTY8 removed from GENCODE
TTTY9A removed from GENCODE
TTTY9B removed from GENCODE
TUG1 removed from GENCODE
TUSC7 removed from GENCODE
UBAC2-AS1 removed from GENCODE
UBL7-AS1 removed from GENCODE
UBOX5-AS1 removed from GENCODE
UBXN8 removed from GENCODE
UCA1 removed from GENCODE
UCHL1-AS1 removed from GENCODE
UGDH-AS1 removed from GENCODE
UHRF1 removed from GENCODE
UNC5B-AS1 removed from GENCODE
UPK1A-AS1 removed from GENCODE
USP27X-AS1 removed from GENCODE
USP2-AS1 removed from GENCODE
USP30-AS1 removed from GENCODE
USP3-AS1 removed from GENCODE
VAC14-AS1 removed from GENCODE
VAV3-AS1 removed from GENCODE
VENTXP1 removed from GENCODE
VPS13A-AS1 removed from GENCODE
VPS9D1-AS1 removed from GENCODE
VTRNA2-1 removed from GENCODE
VWC2L-IT1 removed from GENCODE
WAC-AS1 removed from GENCODE
WDFY3-AS2 removed from GENCODE
WDR11-AS1 removed from GENCODE
WDR52-AS1 removed from GENCODE
WDR86-AS1 removed from GENCODE
WEE2-AS1 removed from GENCODE
WT1-AS removed from GENCODE
WWC2-AS2 removed from GENCODE
WWTR1-AS1 removed from GENCODE
XIST removed from GENCODE
XKR5 removed from GENCODE
XXYLT1-AS1 removed from GENCODE
XXYLT1-AS2 removed from GENCODE
YTHDF3-AS1 removed from GENCODE
ZBED3-AS1 removed from GENCODE
ZBED5-AS1 removed from GENCODE
ZBTB20-AS1 removed from GENCODE
ZEB1-AS1 removed from GENCODE
ZEB2-AS1 removed from GENCODE
ZFAS1 removed from GENCODE
ZFAT-AS1 removed from GENCODE
ZFHX4-AS1 removed from GENCODE
ZFX-AS1 removed from GENCODE
ZMIZ1-AS1 removed from GENCODE
ZNF205-AS1 removed from GENCODE
ZNF252P-AS1 removed from GENCODE
ZNF295-AS1 removed from GENCODE
ZNF32-AS1 removed from GENCODE
ZNF32-AS2 removed from GENCODE
ZNF32-AS3 removed from GENCODE
ZNF33B removed from GENCODE
ZNF503-AS1 removed from GENCODE
ZNF503-AS2 removed from GENCODE
ZNF518A removed from GENCODE
ZNF571-AS1 removed from GENCODE
ZNF582-AS1 removed from GENCODE
ZNF667-AS1 removed from GENCODE
ZNF674-AS1 removed from GENCODE
ZNF718 removed from GENCODE
ZNF761 removed from GENCODE
ZNF833P removed from GENCODE
ZNF883 removed from GENCODE
ZNRD1-AS1 removed from GENCODE
ZNRF3-AS1 removed from GENCODE
ZRANB2-AS1 removed from GENCODE
ZRANB2-AS2 removed from GENCODE
